[Info  - 3:28:23 PM] ESLint server stopped.
[Info  - 3:28:23 PM] ESLint server running in node v10.2.0
[Info  - 3:28:23 PM] ESLint server is running.
[Info  - 3:28:23 PM] 
Failed to load the ESLint library for the document /home/elvan/projects/odinjs/scripts.js

To use ESLint please install eslint by running npm install eslint in the workspace folder odinjs
or globally using 'npm install -g eslint'. You need to reopen the workspace after installing eslint.

If you are using yarn or pnpm instead of npm set the setting `eslint.packageManager` to either `yarn` or `pnpm`
Alternatively you can disable ESLint for the workspace folder odinjs by executing the 'Disable ESLint' command.
[Info  - 3:30:49 PM] 
Failed to load the ESLint library for the document /home/elvan/projects/odinjs/scripts.js

To use ESLint please install eslint by running npm install eslint in the workspace folder odinjs
or globally using 'npm install -g eslint'. You need to reopen the workspace after installing eslint.

If you are using yarn or pnpm instead of npm set the setting `eslint.packageManager` to either `yarn` or `pnpm`
Alternatively you can disable ESLint for the workspace folder odinjs by executing the 'Disable ESLint' command.
[Info  - 3:30:53 PM] 
Failed to load the ESLint library for the document /home/elvan/projects/odinjs/scripts.js

To use ESLint please install eslint by running npm install eslint in the workspace folder odinjs
or globally using 'npm install -g eslint'. You need to reopen the workspace after installing eslint.

If you are using yarn or pnpm instead of npm set the setting `eslint.packageManager` to either `yarn` or `pnpm`
Alternatively you can disable ESLint for the workspace folder odinjs by executing the 'Disable ESLint' command.
[Info  - 3:31:40 PM] 
Failed to load the ESLint library for the document /home/elvan/projects/odinjs/scripts.js

To use ESLint please install eslint by running npm install eslint in the workspace folder odinjs
or globally using 'npm install -g eslint'. You need to reopen the workspace after installing eslint.

If you are using yarn or pnpm instead of npm set the setting `eslint.packageManager` to either `yarn` or `pnpm`
Alternatively you can disable ESLint for the workspace folder odinjs by executing the 'Disable ESLint' command.
[Info  - 3:31:44 PM] 
Failed to load the ESLint library for the document /home/elvan/projects/odinjs/scripts.js

To use ESLint please install eslint by running npm install eslint in the workspace folder odinjs
or globally using 'npm install -g eslint'. You need to reopen the workspace after installing eslint.

If you are using yarn or pnpm instead of npm set the setting `eslint.packageManager` to either `yarn` or `pnpm`
Alternatively you can disable ESLint for the workspace folder odinjs by executing the 'Disable ESLint' command.
[Info  - 3:32:41 PM] 
Failed to load the ESLint library for the document /home/elvan/projects/odinjs/scripts.js

To use ESLint please install eslint by running npm install eslint in the workspace folder odinjs
or globally using 'npm install -g eslint'. You need to reopen the workspace after installing eslint.

If you are using yarn or pnpm instead of npm set the setting `eslint.packageManager` to either `yarn` or `pnpm`
Alternatively you can disable ESLint for the workspace folder odinjs by executing the 'Disable ESLint' command.
[Info  - 3:35:33 PM] 
Failed to load the ESLint library for the document /home/elvan/projects/odinjs/scripts.js

To use ESLint please install eslint by running npm install eslint in the workspace folder odinjs
or globally using 'npm install -g eslint'. You need to reopen the workspace after installing eslint.

If you are using yarn or pnpm instead of npm set the setting `eslint.packageManager` to either `yarn` or `pnpm`
Alternatively you can disable ESLint for the workspace folder odinjs by executing the 'Disable ESLint' command.
[Info  - 3:37:42 PM] 
Failed to load the ESLint library for the document /home/elvan/projects/odinjs/scripts.js

To use ESLint please install eslint by running npm install eslint in the workspace folder odinjs
or globally using 'npm install -g eslint'. You need to reopen the workspace after installing eslint.

If you are using yarn or pnpm instead of npm set the setting `eslint.packageManager` to either `yarn` or `pnpm`
Alternatively you can disable ESLint for the workspace folder odinjs by executing the 'Disable ESLint' command.
[Info  - 3:37:47 PM] 
Failed to load the ESLint library for the document /home/elvan/projects/odinjs/scripts.js

To use ESLint please install eslint by running npm install eslint in the workspace folder odinjs
or globally using 'npm install -g eslint'. You need to reopen the workspace after installing eslint.

If you are using yarn or pnpm instead of npm set the setting `eslint.packageManager` to either `yarn` or `pnpm`
Alternatively you can disable ESLint for the workspace folder odinjs by executing the 'Disable ESLint' command.
[Info  - 3:42:59 PM] 
Failed to load the ESLint library for the document /home/elvan/projects/odinjs/scripts.js

To use ESLint please install eslint by running npm install eslint in the workspace folder odinjs
or globally using 'npm install -g eslint'. You need to reopen the workspace after installing eslint.

If you are using yarn or pnpm instead of npm set the setting `eslint.packageManager` to either `yarn` or `pnpm`
Alternatively you can disable ESLint for the workspace folder odinjs by executing the 'Disable ESLint' command.
[Info  - 3:44:14 PM] 
Failed to load the ESLint library for the document /home/elvan/projects/odinjs/scripts.js

To use ESLint please install eslint by running npm install eslint in the workspace folder odinjs
or globally using 'npm install -g eslint'. You need to reopen the workspace after installing eslint.

If you are using yarn or pnpm instead of npm set the setting `eslint.packageManager` to either `yarn` or `pnpm`
Alternatively you can disable ESLint for the workspace folder odinjs by executing the 'Disable ESLint' command.
[Info  - 3:45:32 PM] 
Failed to load the ESLint library for the document /home/elvan/projects/odinjs/scripts.js

To use ESLint please install eslint by running npm install eslint in the workspace folder odinjs
or globally using 'npm install -g eslint'. You need to reopen the workspace after installing eslint.

If you are using yarn or pnpm instead of npm set the setting `eslint.packageManager` to either `yarn` or `pnpm`
Alternatively you can disable ESLint for the workspace folder odinjs by executing the 'Disable ESLint' command.
[Info  - 3:45:36 PM] 
Failed to load the ESLint library for the document /home/elvan/projects/odinjs/scripts.js

To use ESLint please install eslint by running npm install eslint in the workspace folder odinjs
or globally using 'npm install -g eslint'. You need to reopen the workspace after installing eslint.

If you are using yarn or pnpm instead of npm set the setting `eslint.packageManager` to either `yarn` or `pnpm`
Alternatively you can disable ESLint for the workspace folder odinjs by executing the 'Disable ESLint' command.
[Info  - 3:45:36 PM] 
Failed to load the ESLint library for the document /home/elvan/projects/odinjs/scripts.js

To use ESLint please install eslint by running npm install eslint in the workspace folder odinjs
or globally using 'npm install -g eslint'. You need to reopen the workspace after installing eslint.

If you are using yarn or pnpm instead of npm set the setting `eslint.packageManager` to either `yarn` or `pnpm`
Alternatively you can disable ESLint for the workspace folder odinjs by executing the 'Disable ESLint' command.
[Info  - 3:45:41 PM] 
Failed to load the ESLint library for the document /home/elvan/projects/odinjs/scripts.js

To use ESLint please install eslint by running npm install eslint in the workspace folder odinjs
or globally using 'npm install -g eslint'. You need to reopen the workspace after installing eslint.

If you are using yarn or pnpm instead of npm set the setting `eslint.packageManager` to either `yarn` or `pnpm`
Alternatively you can disable ESLint for the workspace folder odinjs by executing the 'Disable ESLint' command.
[Info  - 3:45:41 PM] 
Failed to load the ESLint library for the document /home/elvan/projects/odinjs/scripts.js

To use ESLint please install eslint by running npm install eslint in the workspace folder odinjs
or globally using 'npm install -g eslint'. You need to reopen the workspace after installing eslint.

If you are using yarn or pnpm instead of npm set the setting `eslint.packageManager` to either `yarn` or `pnpm`
Alternatively you can disable ESLint for the workspace folder odinjs by executing the 'Disable ESLint' command.
[Info  - 3:45:44 PM] 
Failed to load the ESLint library for the document /home/elvan/projects/odinjs/scripts.js

To use ESLint please install eslint by running npm install eslint in the workspace folder odinjs
or globally using 'npm install -g eslint'. You need to reopen the workspace after installing eslint.

If you are using yarn or pnpm instead of npm set the setting `eslint.packageManager` to either `yarn` or `pnpm`
Alternatively you can disable ESLint for the workspace folder odinjs by executing the 'Disable ESLint' command.
[Info  - 3:45:44 PM] 
Failed to load the ESLint library for the document /home/elvan/projects/odinjs/scripts.js

To use ESLint please install eslint by running npm install eslint in the workspace folder odinjs
or globally using 'npm install -g eslint'. You need to reopen the workspace after installing eslint.

If you are using yarn or pnpm instead of npm set the setting `eslint.packageManager` to either `yarn` or `pnpm`
Alternatively you can disable ESLint for the workspace folder odinjs by executing the 'Disable ESLint' command.
[Info  - 3:45:46 PM] 
Failed to load the ESLint library for the document /home/elvan/projects/odinjs/scripts.js

To use ESLint please install eslint by running npm install eslint in the workspace folder odinjs
or globally using 'npm install -g eslint'. You need to reopen the workspace after installing eslint.

If you are using yarn or pnpm instead of npm set the setting `eslint.packageManager` to either `yarn` or `pnpm`
Alternatively you can disable ESLint for the workspace folder odinjs by executing the 'Disable ESLint' command.
[Info  - 3:45:46 PM] 
Failed to load the ESLint library for the document /home/elvan/projects/odinjs/scripts.js

To use ESLint please install eslint by running npm install eslint in the workspace folder odinjs
or globally using 'npm install -g eslint'. You need to reopen the workspace after installing eslint.

If you are using yarn or pnpm instead of npm set the setting `eslint.packageManager` to either `yarn` or `pnpm`
Alternatively you can disable ESLint for the workspace folder odinjs by executing the 'Disable ESLint' command.
[Info  - 3:45:49 PM] 
Failed to load the ESLint library for the document /home/elvan/projects/odinjs/scripts.js

To use ESLint please install eslint by running npm install eslint in the workspace folder odinjs
or globally using 'npm install -g eslint'. You need to reopen the workspace after installing eslint.

If you are using yarn or pnpm instead of npm set the setting `eslint.packageManager` to either `yarn` or `pnpm`
Alternatively you can disable ESLint for the workspace folder odinjs by executing the 'Disable ESLint' command.
[Info  - 3:45:49 PM] 
Failed to load the ESLint library for the document /home/elvan/projects/odinjs/scripts.js

To use ESLint please install eslint by running npm install eslint in the workspace folder odinjs
or globally using 'npm install -g eslint'. You need to reopen the workspace after installing eslint.

If you are using yarn or pnpm instead of npm set the setting `eslint.packageManager` to either `yarn` or `pnpm`
Alternatively you can disable ESLint for the workspace folder odinjs by executing the 'Disable ESLint' command.
[Info  - 3:46:29 PM] ESLint server stopped.
