[2019-03-08 15:28:22.466] [exthost] [info] extension host started
[2019-03-08 15:28:22.506] [exthost] [info] ExtensionService#_doActivateExtension vscode.debug-auto-launch {"startup":true,"activationEvent":"*"}
[2019-03-08 15:28:22.506] [exthost] [info] ExtensionService#loadCommonJSModule /usr/lib/code/extensions/debug-auto-launch/dist/extension
[2019-03-08 15:28:22.509] [exthost] [info] ExtensionService#_doActivateExtension vscode.emmet {"startup":true,"activationEvent":"*"}
[2019-03-08 15:28:22.509] [exthost] [info] ExtensionService#loadCommonJSModule /usr/lib/code/extensions/emmet/dist/extension
[2019-03-08 15:28:22.530] [exthost] [info] ExtensionService#_doActivateExtension vscode.git {"startup":true,"activationEvent":"*"}
[2019-03-08 15:28:22.530] [exthost] [info] ExtensionService#loadCommonJSModule /usr/lib/code/extensions/git/dist/main
[2019-03-08 15:28:22.629] [exthost] [info] ExtensionService#_doActivateExtension vscode.merge-conflict {"startup":true,"activationEvent":"*"}
[2019-03-08 15:28:22.629] [exthost] [info] ExtensionService#loadCommonJSModule /usr/lib/code/extensions/merge-conflict/dist/extension
[2019-03-08 15:28:22.637] [exthost] [info] ExtensionService#_doActivateExtension dbaeumer.vscode-eslint {"startup":true,"activationEvent":"*"}
[2019-03-08 15:28:22.637] [exthost] [info] ExtensionService#loadCommonJSModule /home/elvan/.vscode-oss/extensions/dbaeumer.vscode-eslint-1.8.0/client/out/extension
[2019-03-08 15:28:22.721] [exthost] [info] ExtensionService#_doActivateExtension vscodevim.vim {"startup":true,"activationEvent":"*"}
[2019-03-08 15:28:22.721] [exthost] [info] ExtensionService#loadCommonJSModule /home/elvan/.vscode-oss/extensions/vscodevim.vim-1.1.0/out/extension
[2019-03-08 15:28:23.172] [exthost] [info] ExtensionService#_doActivateExtension vscode.typescript-language-features {"startup":false,"activationEvent":"onLanguage:javascript"}
[2019-03-08 15:28:23.172] [exthost] [info] ExtensionService#loadCommonJSModule /usr/lib/code/extensions/typescript-language-features/dist/extension
[2019-03-08 15:28:23.246] [exthost] [info] eager extensions activated
[2019-03-08 15:30:49.679] [exthost] [info] ExtensionService#_doActivateExtension PKief.material-icon-theme {"startup":false,"activationEvent":"*"}
[2019-03-08 15:30:49.679] [exthost] [info] ExtensionService#loadCommonJSModule /home/elvan/.vscode-oss/extensions/pkief.material-icon-theme-3.6.3/out/src/extension
[2019-03-08 15:30:53.600] [exthost] [info] ExtensionService#_doActivateExtension vscode.configuration-editing {"startup":false,"activationEvent":"onLanguage:jsonc"}
[2019-03-08 15:30:53.600] [exthost] [info] ExtensionService#loadCommonJSModule /usr/lib/code/extensions/configuration-editing/dist/extension
[2019-03-08 15:30:53.608] [exthost] [info] ExtensionService#_doActivateExtension vscode.json-language-features {"startup":false,"activationEvent":"onLanguage:jsonc"}
[2019-03-08 15:30:53.608] [exthost] [info] ExtensionService#loadCommonJSModule /usr/lib/code/extensions/json-language-features/client/dist/jsonMain
[2019-03-08 15:30:56.833] [exthost] [info] ExtensionService#_doActivateExtension vscode.html-language-features {"startup":false,"activationEvent":"onLanguage:html"}
[2019-03-08 15:30:56.833] [exthost] [info] ExtensionService#loadCommonJSModule /usr/lib/code/extensions/html-language-features/client/dist/htmlMain
[2019-03-08 15:31:40.689] [exthost] [info] ExtensionService#_doActivateExtension robertohuertasm.vscode-icons {"startup":false,"activationEvent":"*"}
[2019-03-08 15:31:40.689] [exthost] [info] ExtensionService#loadCommonJSModule /home/elvan/.vscode-oss/extensions/robertohuertasm.vscode-icons-8.2.0/out/src/
[2019-03-08 15:38:38.580] [exthost] [info] ExtensionService#_doActivateExtension vscode.extension-editing {"startup":false,"activationEvent":"onLanguage:typescript"}
[2019-03-08 15:38:38.580] [exthost] [info] ExtensionService#loadCommonJSModule /usr/lib/code/extensions/extension-editing/dist/extension
[2019-03-08 15:45:31.917] [exthost] [info] ExtensionService#_doActivateExtension monokai.theme-monokai-pro-vscode {"startup":false,"activationEvent":"*"}
[2019-03-08 15:45:31.917] [exthost] [info] ExtensionService#loadCommonJSModule /home/elvan/.vscode-oss/extensions/monokai.theme-monokai-pro-vscode-1.1.12/js/main
