[2019-03-08 15:28:23.948] [sharedprocess] [info] main {"machineId":"f2dbe287b4f4a4dc84720ff6f3998082f8eb6a80f700d7b282d6a5cdf1458bb7"}
[2019-03-08 15:28:24.020] [sharedprocess] [info] Scanned user extensions: 4
[2019-03-08 15:28:24.035] [sharedprocess] [info] Scanned user extensions: 4
[2019-03-08 15:28:24.075] [sharedprocess] [info] Scanned system extensions: 72
[2019-03-08 15:28:24.078] [sharedprocess] [info] Scanned system extensions: 72
[2019-03-08 15:28:24.442] [sharedprocess] [info] Scanned user extensions: 4
[2019-03-08 15:28:26.117] [sharedprocess] [info] Installing extension: dbaeumer.vscode-eslint
[2019-03-08 15:28:26.128] [sharedprocess] [info] Scanned user extensions: 4
[2019-03-08 15:28:30.318] [sharedprocess] [info] Downloaded extension: dbaeumer.vscode-eslint /tmp/3c0053ce-666a-41bd-809c-dfe6c7315709
[2019-03-08 15:28:30.358] [sharedprocess] [info] Extracted extension to /home/elvan/.vscode-oss/extensions/.dbaeumer.vscode-eslint-1.8.2: dbaeumer.vscode-eslint
[2019-03-08 15:28:30.358] [sharedprocess] [info] Renamed to /home/elvan/.vscode-oss/extensions/dbaeumer.vscode-eslint-1.8.2
[2019-03-08 15:28:30.359] [sharedprocess] [info] Installation completed. dbaeumer.vscode-eslint
[2019-03-08 15:28:30.365] [sharedprocess] [info] Extensions installed successfully: dbaeumer.vscode-eslint
[2019-03-08 15:28:32.799] [sharedprocess] [info] Scanned user extensions: 4
[2019-03-08 15:28:32.801] [sharedprocess] [info] Scanned user extensions: 4
[2019-03-08 15:28:32.803] [sharedprocess] [info] Scanned user extensions: 4
[2019-03-08 15:28:32.804] [sharedprocess] [info] Scanned user extensions: 4
[2019-03-08 15:28:32.868] [sharedprocess] [info] Scanned system extensions: 72
[2019-03-08 15:28:32.872] [sharedprocess] [info] Scanned system extensions: 72
[2019-03-08 15:28:32.877] [sharedprocess] [info] Scanned system extensions: 72
[2019-03-08 15:28:45.484] [sharedprocess] [info] Scanned user extensions: 4
[2019-03-08 15:28:45.505] [sharedprocess] [info] Scanned system extensions: 72
[2019-03-08 15:29:03.964] [sharedprocess] [info] Starting to clean up unused language packs.
[2019-03-08 15:30:46.942] [sharedprocess] [info] Installing extension: pkief.material-icon-theme
[2019-03-08 15:30:46.945] [sharedprocess] [info] Scanned user extensions: 4
[2019-03-08 15:30:48.875] [sharedprocess] [info] Downloaded extension: pkief.material-icon-theme /tmp/4cf66e67-0443-4108-9820-e6e551438f56
[2019-03-08 15:30:49.569] [sharedprocess] [info] Extracted extension to /home/elvan/.vscode-oss/extensions/.pkief.material-icon-theme-3.6.3: pkief.material-icon-theme
[2019-03-08 15:30:49.569] [sharedprocess] [info] Renamed to /home/elvan/.vscode-oss/extensions/pkief.material-icon-theme-3.6.3
[2019-03-08 15:30:49.570] [sharedprocess] [info] Installation completed. pkief.material-icon-theme
[2019-03-08 15:30:49.575] [sharedprocess] [info] Extensions installed successfully: pkief.material-icon-theme
[2019-03-08 15:31:36.853] [sharedprocess] [info] Installing extension: robertohuertasm.vscode-icons
[2019-03-08 15:31:36.859] [sharedprocess] [info] Scanned user extensions: 5
[2019-03-08 15:31:39.170] [sharedprocess] [info] Downloaded extension: robertohuertasm.vscode-icons /tmp/98837b3d-dec7-4ac1-aec4-b14a3488a85c
[2019-03-08 15:31:40.621] [sharedprocess] [info] Extracted extension to /home/elvan/.vscode-oss/extensions/.robertohuertasm.vscode-icons-8.2.0: robertohuertasm.vscode-icons
[2019-03-08 15:31:40.621] [sharedprocess] [info] Renamed to /home/elvan/.vscode-oss/extensions/robertohuertasm.vscode-icons-8.2.0
[2019-03-08 15:31:40.622] [sharedprocess] [info] Installation completed. robertohuertasm.vscode-icons
[2019-03-08 15:31:40.626] [sharedprocess] [info] Extensions installed successfully: robertohuertasm.vscode-icons
[2019-03-08 15:32:34.213] [sharedprocess] [info] Installing extension: zhuangtongfa.material-theme
[2019-03-08 15:32:34.219] [sharedprocess] [info] Scanned user extensions: 6
[2019-03-08 15:32:35.604] [sharedprocess] [info] Downloaded extension: zhuangtongfa.material-theme /tmp/d1962e26-7b8c-4d4e-984f-6c905e6743f4
[2019-03-08 15:32:35.619] [sharedprocess] [info] Extracted extension to /home/elvan/.vscode-oss/extensions/.zhuangtongfa.material-theme-2.19.2: zhuangtongfa.material-theme
[2019-03-08 15:32:35.619] [sharedprocess] [info] Renamed to /home/elvan/.vscode-oss/extensions/zhuangtongfa.material-theme-2.19.2
[2019-03-08 15:32:35.620] [sharedprocess] [info] Installation completed. zhuangtongfa.material-theme
[2019-03-08 15:32:35.623] [sharedprocess] [info] Extensions installed successfully: zhuangtongfa.material-theme
[2019-03-08 15:33:24.459] [sharedprocess] [info] Scanned user extensions: 7
[2019-03-08 15:33:37.921] [sharedprocess] [info] Scanned user extensions: 7
[2019-03-08 15:33:37.921] [sharedprocess] [info] Scanned user extensions: 7
[2019-03-08 15:33:37.923] [sharedprocess] [info] Scanned user extensions: 7
[2019-03-08 15:33:37.974] [sharedprocess] [info] Scanned system extensions: 72
[2019-03-08 15:33:37.979] [sharedprocess] [info] Scanned system extensions: 72
[2019-03-08 15:33:37.983] [sharedprocess] [info] Scanned system extensions: 72
[2019-03-08 15:35:28.530] [sharedprocess] [info] Installing extension: azemoh.one-monokai
[2019-03-08 15:35:28.535] [sharedprocess] [info] Scanned user extensions: 7
[2019-03-08 15:35:30.567] [sharedprocess] [info] Downloaded extension: azemoh.one-monokai /tmp/9253eb42-52c9-4844-8624-abaa5027443f
[2019-03-08 15:35:30.584] [sharedprocess] [info] Extracted extension to /home/elvan/.vscode-oss/extensions/.azemoh.one-monokai-0.3.7: azemoh.one-monokai
[2019-03-08 15:35:30.584] [sharedprocess] [info] Renamed to /home/elvan/.vscode-oss/extensions/azemoh.one-monokai-0.3.7
[2019-03-08 15:35:30.585] [sharedprocess] [info] Installation completed. azemoh.one-monokai
[2019-03-08 15:35:30.589] [sharedprocess] [info] Extensions installed successfully: azemoh.one-monokai
[2019-03-08 15:36:24.876] [sharedprocess] [info] Installing extension: ahmadawais.shades-of-purple
[2019-03-08 15:36:24.884] [sharedprocess] [info] Scanned user extensions: 8
[2019-03-08 15:36:34.872] [sharedprocess] [info] Downloaded extension: ahmadawais.shades-of-purple /tmp/37a85a4f-8dd6-4808-8f78-b34efb026027
[2019-03-08 15:36:35.008] [sharedprocess] [info] Extracted extension to /home/elvan/.vscode-oss/extensions/.ahmadawais.shades-of-purple-4.10.0: ahmadawais.shades-of-purple
[2019-03-08 15:36:35.008] [sharedprocess] [info] Renamed to /home/elvan/.vscode-oss/extensions/ahmadawais.shades-of-purple-4.10.0
[2019-03-08 15:36:35.008] [sharedprocess] [info] Installation completed. ahmadawais.shades-of-purple
[2019-03-08 15:36:35.013] [sharedprocess] [info] Extensions installed successfully: ahmadawais.shades-of-purple
[2019-03-08 15:37:15.876] [sharedprocess] [info] Scanned user extensions: 9
[2019-03-08 15:37:15.877] [sharedprocess] [info] Scanned user extensions: 9
[2019-03-08 15:37:15.878] [sharedprocess] [info] Scanned user extensions: 9
[2019-03-08 15:37:15.930] [sharedprocess] [info] Scanned system extensions: 72
[2019-03-08 15:37:15.933] [sharedprocess] [info] Scanned system extensions: 72
[2019-03-08 15:37:15.937] [sharedprocess] [info] Scanned system extensions: 72
[2019-03-08 15:38:24.474] [sharedprocess] [info] Scanned user extensions: 9
[2019-03-08 15:42:53.307] [sharedprocess] [info] Installing extension: nimda.deepdark-material
[2019-03-08 15:42:53.314] [sharedprocess] [info] Scanned user extensions: 9
[2019-03-08 15:42:55.424] [sharedprocess] [info] Downloaded extension: nimda.deepdark-material /tmp/288062f8-8b67-49bb-bc1e-f722b674e8ea
[2019-03-08 15:42:55.435] [sharedprocess] [info] Extracted extension to /home/elvan/.vscode-oss/extensions/.nimda.deepdark-material-2.5.0: nimda.deepdark-material
[2019-03-08 15:42:55.435] [sharedprocess] [info] Renamed to /home/elvan/.vscode-oss/extensions/nimda.deepdark-material-2.5.0
[2019-03-08 15:42:55.435] [sharedprocess] [info] Installation completed. nimda.deepdark-material
[2019-03-08 15:42:55.439] [sharedprocess] [info] Extensions installed successfully: nimda.deepdark-material
[2019-03-08 15:43:24.487] [sharedprocess] [info] Scanned user extensions: 10
[2019-03-08 15:44:07.998] [sharedprocess] [info] Installing extension: vangware.dark-plus-material
[2019-03-08 15:44:08.004] [sharedprocess] [info] Scanned user extensions: 10
[2019-03-08 15:44:09.579] [sharedprocess] [info] Downloaded extension: vangware.dark-plus-material /tmp/ce9e5ac5-9c9a-477a-97fa-b998b0fbd866
[2019-03-08 15:44:09.615] [sharedprocess] [info] Extracted extension to /home/elvan/.vscode-oss/extensions/.vangware.dark-plus-material-2.0.4: vangware.dark-plus-material
[2019-03-08 15:44:09.615] [sharedprocess] [info] Renamed to /home/elvan/.vscode-oss/extensions/vangware.dark-plus-material-2.0.4
[2019-03-08 15:44:09.615] [sharedprocess] [info] Installation completed. vangware.dark-plus-material
[2019-03-08 15:44:09.619] [sharedprocess] [info] Extensions installed successfully: vangware.dark-plus-material
[2019-03-08 15:45:30.223] [sharedprocess] [info] Installing extension: monokai.theme-monokai-pro-vscode
[2019-03-08 15:45:30.231] [sharedprocess] [info] Scanned user extensions: 11
[2019-03-08 15:45:31.822] [sharedprocess] [info] Downloaded extension: monokai.theme-monokai-pro-vscode /tmp/d7aadc83-b688-46b2-a72b-9b6c763bd04a
[2019-03-08 15:45:31.849] [sharedprocess] [info] Extracted extension to /home/elvan/.vscode-oss/extensions/.monokai.theme-monokai-pro-vscode-1.1.12: monokai.theme-monokai-pro-vscode
[2019-03-08 15:45:31.849] [sharedprocess] [info] Renamed to /home/elvan/.vscode-oss/extensions/monokai.theme-monokai-pro-vscode-1.1.12
[2019-03-08 15:45:31.850] [sharedprocess] [info] Installation completed. monokai.theme-monokai-pro-vscode
[2019-03-08 15:45:31.853] [sharedprocess] [info] Extensions installed successfully: monokai.theme-monokai-pro-vscode
