[2019-03-26 16:48:35.855] [exthost] [info] extension host started
[2019-03-26 16:48:35.923] [exthost] [info] ExtensionService#_doActivateExtension vscode.debug-auto-launch {"startup":true,"activationEvent":"*"}
[2019-03-26 16:48:35.923] [exthost] [info] ExtensionService#loadCommonJSModule /usr/lib/code/extensions/debug-auto-launch/dist/extension
[2019-03-26 16:48:35.929] [exthost] [info] ExtensionService#_doActivateExtension vscode.emmet {"startup":true,"activationEvent":"*"}
[2019-03-26 16:48:35.929] [exthost] [info] ExtensionService#loadCommonJSModule /usr/lib/code/extensions/emmet/dist/extension
[2019-03-26 16:48:35.953] [exthost] [info] ExtensionService#_doActivateExtension vscode.git {"startup":true,"activationEvent":"*"}
[2019-03-26 16:48:35.953] [exthost] [info] ExtensionService#loadCommonJSModule /usr/lib/code/extensions/git/dist/main
[2019-03-26 16:48:36.058] [exthost] [info] ExtensionService#_doActivateExtension vscode.merge-conflict {"startup":true,"activationEvent":"*"}
[2019-03-26 16:48:36.058] [exthost] [info] ExtensionService#loadCommonJSModule /usr/lib/code/extensions/merge-conflict/dist/extension
[2019-03-26 16:48:36.064] [exthost] [info] ExtensionService#_doActivateExtension dbaeumer.vscode-eslint {"startup":true,"activationEvent":"*"}
[2019-03-26 16:48:36.064] [exthost] [info] ExtensionService#loadCommonJSModule /home/elvan/.vscode-oss/extensions/dbaeumer.vscode-eslint-1.8.2/client/out/extension
[2019-03-26 16:48:36.111] [exthost] [info] ExtensionService#_doActivateExtension monokai.theme-monokai-pro-vscode {"startup":true,"activationEvent":"*"}
[2019-03-26 16:48:36.111] [exthost] [info] ExtensionService#loadCommonJSModule /home/elvan/.vscode-oss/extensions/monokai.theme-monokai-pro-vscode-1.1.12/js/main
[2019-03-26 16:48:36.117] [exthost] [info] ExtensionService#_doActivateExtension PKief.material-icon-theme {"startup":true,"activationEvent":"*"}
[2019-03-26 16:48:36.117] [exthost] [info] ExtensionService#loadCommonJSModule /home/elvan/.vscode-oss/extensions/pkief.material-icon-theme-3.6.3/out/src/extension
[2019-03-26 16:48:36.161] [exthost] [info] ExtensionService#_doActivateExtension robertohuertasm.vscode-icons {"startup":true,"activationEvent":"*"}
[2019-03-26 16:48:36.161] [exthost] [info] ExtensionService#loadCommonJSModule /home/elvan/.vscode-oss/extensions/robertohuertasm.vscode-icons-8.2.0/out/src/
[2019-03-26 16:48:36.249] [exthost] [info] ExtensionService#_doActivateExtension vscodevim.vim {"startup":true,"activationEvent":"*"}
[2019-03-26 16:48:36.249] [exthost] [info] ExtensionService#loadCommonJSModule /home/elvan/.vscode-oss/extensions/vscodevim.vim-1.1.0/out/extension
[2019-03-26 16:48:36.619] [exthost] [info] ExtensionService#_doActivateExtension vscode.typescript-language-features {"startup":false,"activationEvent":"onLanguage:javascript"}
[2019-03-26 16:48:36.619] [exthost] [info] ExtensionService#loadCommonJSModule /usr/lib/code/extensions/typescript-language-features/dist/extension
[2019-03-26 16:48:36.686] [exthost] [info] eager extensions activated
[2019-03-26 16:48:45.834] [exthost] [info] ExtensionService#_doActivateExtension vscode-icons-team.vscode-icons {"startup":false,"activationEvent":"*"}
[2019-03-26 16:48:45.834] [exthost] [info] ExtensionService#loadCommonJSModule /home/elvan/.vscode-oss/extensions/vscode-icons-team.vscode-icons-8.4.0/out/src/
