[2019-03-08 17:15:40.908] [exthost] [info] extension host started
[2019-03-08 17:15:40.944] [exthost] [info] ExtensionService#_doActivateExtension vscode.debug-auto-launch {"startup":true,"activationEvent":"*"}
[2019-03-08 17:15:40.944] [exthost] [info] ExtensionService#loadCommonJSModule /usr/lib/code/extensions/debug-auto-launch/dist/extension
[2019-03-08 17:15:40.948] [exthost] [info] ExtensionService#_doActivateExtension vscode.emmet {"startup":true,"activationEvent":"*"}
[2019-03-08 17:15:40.948] [exthost] [info] ExtensionService#loadCommonJSModule /usr/lib/code/extensions/emmet/dist/extension
[2019-03-08 17:15:40.972] [exthost] [info] ExtensionService#_doActivateExtension vscode.git {"startup":true,"activationEvent":"*"}
[2019-03-08 17:15:40.972] [exthost] [info] ExtensionService#loadCommonJSModule /usr/lib/code/extensions/git/dist/main
[2019-03-08 17:15:41.108] [exthost] [info] ExtensionService#_doActivateExtension vscode.merge-conflict {"startup":true,"activationEvent":"*"}
[2019-03-08 17:15:41.108] [exthost] [info] ExtensionService#loadCommonJSModule /usr/lib/code/extensions/merge-conflict/dist/extension
[2019-03-08 17:15:41.116] [exthost] [info] ExtensionService#_doActivateExtension dbaeumer.vscode-eslint {"startup":true,"activationEvent":"*"}
[2019-03-08 17:15:41.116] [exthost] [info] ExtensionService#loadCommonJSModule /home/elvan/.vscode-oss/extensions/dbaeumer.vscode-eslint-1.8.2/client/out/extension
[2019-03-08 17:15:41.161] [exthost] [info] ExtensionService#_doActivateExtension monokai.theme-monokai-pro-vscode {"startup":true,"activationEvent":"*"}
[2019-03-08 17:15:41.161] [exthost] [info] ExtensionService#loadCommonJSModule /home/elvan/.vscode-oss/extensions/monokai.theme-monokai-pro-vscode-1.1.12/js/main
[2019-03-08 17:15:41.175] [exthost] [info] ExtensionService#_doActivateExtension PKief.material-icon-theme {"startup":true,"activationEvent":"*"}
[2019-03-08 17:15:41.175] [exthost] [info] ExtensionService#loadCommonJSModule /home/elvan/.vscode-oss/extensions/pkief.material-icon-theme-3.6.3/out/src/extension
[2019-03-08 17:15:41.241] [exthost] [info] ExtensionService#_doActivateExtension robertohuertasm.vscode-icons {"startup":true,"activationEvent":"*"}
[2019-03-08 17:15:41.241] [exthost] [info] ExtensionService#loadCommonJSModule /home/elvan/.vscode-oss/extensions/robertohuertasm.vscode-icons-8.2.0/out/src/
[2019-03-08 17:15:41.366] [exthost] [info] ExtensionService#_doActivateExtension vscodevim.vim {"startup":true,"activationEvent":"*"}
[2019-03-08 17:15:41.366] [exthost] [info] ExtensionService#loadCommonJSModule /home/elvan/.vscode-oss/extensions/vscodevim.vim-1.1.0/out/extension
[2019-03-08 17:15:41.791] [exthost] [info] ExtensionService#_doActivateExtension vscode.typescript-language-features {"startup":false,"activationEvent":"onLanguage:javascript"}
[2019-03-08 17:15:41.791] [exthost] [info] ExtensionService#loadCommonJSModule /usr/lib/code/extensions/typescript-language-features/dist/extension
[2019-03-08 17:15:41.874] [exthost] [info] eager extensions activated
